<?xml version="1.0" encoding="UTF-8"?>
<!-- Generated by org.testng.reporters.JUnitXMLReporter -->
<testsuite hostname="LAPTOP-UOKEBTDB" ignored="0" name="Default test" tests="4" failures="0" timestamp="2022-02-11T11:31:35 IST" time="0.264" errors="0">
  <testcase name="women" time="0.019" classname="com.TestNg.Demo_Priority"/>
  <testcase name="women" time="0.008" classname="com.TestNg.Demo_Priority"/>
  <testcase name="men" time="0.013" classname="com.TestNg.Demo_Priority"/>
  <testcase name="child" time="0.002" classname="com.TestNg.Demo_Priority"/>
</testsuite> <!-- Default test -->
