<?xml version="1.0" encoding="UTF-8"?>
<testng-results skipped="0" failed="0" ignored="0" total="4" passed="4">
  <reporter-output>
  </reporter-output>
  <suite name="Default suite" duration-ms="264" started-at="2022-02-11T11:31:35 IST" finished-at="2022-02-11T11:31:35 IST">
    <groups>
    </groups>
    <test name="Default test" duration-ms="264" started-at="2022-02-11T11:31:35 IST" finished-at="2022-02-11T11:31:35 IST">
      <class name="com.TestNg.Demo_Priority">
        <test-method status="PASS" signature="browserlanch()[pri:0, instance:com.TestNg.Demo_Priority@76b0bfab]" name="browserlanch" is-config="true" duration-ms="15" started-at="2022-02-11T11:31:35 IST" finished-at="2022-02-11T11:31:35 IST">
          <reporter-output>
          </reporter-output>
        </test-method> <!-- browserlanch -->
        <test-method status="PASS" signature="women()[pri:-3, instance:com.TestNg.Demo_Priority@76b0bfab]" name="women" duration-ms="19" started-at="2022-02-11T11:31:35 IST" finished-at="2022-02-11T11:31:35 IST">
          <reporter-output>
          </reporter-output>
        </test-method> <!-- women -->
        <test-method status="PASS" signature="browserclose()[pri:0, instance:com.TestNg.Demo_Priority@76b0bfab]" name="browserclose" is-config="true" duration-ms="1" started-at="2022-02-11T11:31:35 IST" finished-at="2022-02-11T11:31:35 IST">
          <reporter-output>
          </reporter-output>
        </test-method> <!-- browserclose -->
        <test-method status="PASS" signature="browserlanch()[pri:0, instance:com.TestNg.Demo_Priority@76b0bfab]" name="browserlanch" is-config="true" duration-ms="3" started-at="2022-02-11T11:31:35 IST" finished-at="2022-02-11T11:31:35 IST">
          <reporter-output>
          </reporter-output>
        </test-method> <!-- browserlanch -->
        <test-method status="PASS" signature="women()[pri:-3, instance:com.TestNg.Demo_Priority@76b0bfab]" name="women" duration-ms="8" started-at="2022-02-11T11:31:35 IST" finished-at="2022-02-11T11:31:35 IST">
          <reporter-output>
          </reporter-output>
        </test-method> <!-- women -->
        <test-method status="PASS" signature="browserclose()[pri:0, instance:com.TestNg.Demo_Priority@76b0bfab]" name="browserclose" is-config="true" duration-ms="14" started-at="2022-02-11T11:31:35 IST" finished-at="2022-02-11T11:31:35 IST">
          <reporter-output>
          </reporter-output>
        </test-method> <!-- browserclose -->
        <test-method status="PASS" signature="browserlanch()[pri:0, instance:com.TestNg.Demo_Priority@76b0bfab]" name="browserlanch" is-config="true" duration-ms="1" started-at="2022-02-11T11:31:35 IST" finished-at="2022-02-11T11:31:35 IST">
          <reporter-output>
          </reporter-output>
        </test-method> <!-- browserlanch -->
        <test-method status="PASS" signature="men()[pri:-2, instance:com.TestNg.Demo_Priority@76b0bfab]" name="men" duration-ms="13" started-at="2022-02-11T11:31:35 IST" finished-at="2022-02-11T11:31:35 IST">
          <reporter-output>
          </reporter-output>
        </test-method> <!-- men -->
        <test-method status="PASS" signature="browserclose()[pri:0, instance:com.TestNg.Demo_Priority@76b0bfab]" name="browserclose" is-config="true" duration-ms="4" started-at="2022-02-11T11:31:35 IST" finished-at="2022-02-11T11:31:35 IST">
          <reporter-output>
          </reporter-output>
        </test-method> <!-- browserclose -->
        <test-method status="PASS" signature="browserlanch()[pri:0, instance:com.TestNg.Demo_Priority@76b0bfab]" name="browserlanch" is-config="true" duration-ms="0" started-at="2022-02-11T11:31:35 IST" finished-at="2022-02-11T11:31:35 IST">
          <reporter-output>
          </reporter-output>
        </test-method> <!-- browserlanch -->
        <test-method status="PASS" signature="child()[pri:-1, instance:com.TestNg.Demo_Priority@76b0bfab]" name="child" duration-ms="2" started-at="2022-02-11T11:31:35 IST" finished-at="2022-02-11T11:31:35 IST">
          <reporter-output>
          </reporter-output>
        </test-method> <!-- child -->
        <test-method status="PASS" signature="browserclose()[pri:0, instance:com.TestNg.Demo_Priority@76b0bfab]" name="browserclose" is-config="true" duration-ms="1" started-at="2022-02-11T11:31:35 IST" finished-at="2022-02-11T11:31:35 IST">
          <reporter-output>
          </reporter-output>
        </test-method> <!-- browserclose -->
      </class> <!-- com.TestNg.Demo_Priority -->
    </test> <!-- Default test -->
  </suite> <!-- Default suite -->
</testng-results>
